<?xml version="1.0" encoding="UTF-8"?>
<testsuite xmlns:xsi="http://www.w3.org/2001/XMLSchema-instance" xsi:noNamespaceSchemaLocation="https://maven.apache.org/surefire/maven-surefire-plugin/xsd/surefire-test-report-3.0.xsd" version="3.0" name="InjectedTest" time="12.303" tests="6" errors="0" skipped="0" failures="0">
  <properties>
    <property name="sun.desktop" value="windows"/>
    <property name="awt.toolkit" value="sun.awt.windows.WToolkit"/>
    <property name="hudson.udp" value="-1"/>
    <property name="file.encoding.pkg" value="sun.io"/>
    <property name="java.specification.version" value="1.8"/>
    <property name="sun.cpu.isalist" value="amd64"/>
    <property name="sun.jnu.encoding" value="Cp1252"/>
    <property name="java.class.path" value="C:\Users\BirSikander\eclipse-workspace\7_19_jenkins\codea\target\test-classes;C:\Users\BirSikander\eclipse-workspace\7_19_jenkins\codea\target\classes;C:\Users\BirSikander\.m2\repository\org\jenkins-ci\plugins\structs\1.22\structs-1.22.jar;C:\Users\BirSikander\.m2\repository\org\jenkins-ci\symbol-annotation\1.22\symbol-annotation-1.22.jar;C:\Users\BirSikander\.m2\repository\org\jenkins-ci\plugins\workflow\workflow-cps\2.89\workflow-cps-2.89.jar;C:\Users\BirSikander\.m2\repository\org\jenkins-ci\plugins\workflow\workflow-step-api\2.23\workflow-step-api-2.23.jar;C:\Users\BirSikander\.m2\repository\org\jenkins-ci\plugins\workflow\workflow-api\2.41\workflow-api-2.41.jar;C:\Users\BirSikander\.m2\repository\org\jenkins-ci\plugins\workflow\workflow-support\3.7\workflow-support-3.7.jar;C:\Users\BirSikander\.m2\repository\org\jboss\marshalling\jboss-marshalling-river\2.0.6.Final\jboss-marshalling-river-2.0.6.Final.jar;C:\Users\BirSikander\.m2\repository\org\jboss\marshalling\jboss-marshalling\2.0.6.Final\jboss-marshalling-2.0.6.Final.jar;C:\Users\BirSikander\.m2\repository\org\jenkins-ci\plugins\workflow\workflow-scm-step\2.11\workflow-scm-step-2.11.jar;C:\Users\BirSikander\.m2\repository\org\jenkins-ci\plugins\script-security\1.76\script-security-1.76.jar;C:\Users\BirSikander\.m2\repository\org\kohsuke\groovy-sandbox\1.27\groovy-sandbox-1.27.jar;C:\Users\BirSikander\.m2\repository\com\github\ben-manes\caffeine\caffeine\2.8.8\caffeine-2.8.8.jar;C:\Users\BirSikander\.m2\repository\org\checkerframework\checker-qual\3.8.0\checker-qual-3.8.0.jar;C:\Users\BirSikander\.m2\repository\com\google\errorprone\error_prone_annotations\2.4.0\error_prone_annotations-2.4.0.jar;C:\Users\BirSikander\.m2\repository\org\jenkins-ci\plugins\scm-api\2.6.4\scm-api-2.6.4.jar;C:\Users\BirSikander\.m2\repository\com\cloudbees\groovy-cps\1.32\groovy-cps-1.32.jar;C:\Users\BirSikander\.m2\repository\org\jenkins-ci\ui\ace-editor\1.1\ace-editor-1.1.jar;C:\Users\BirSikander\.m2\repository\com\cloudbees\diff4j\1.3\diff4j-1.3.jar;C:\Users\BirSikander\.m2\repository\org\jenkins-ci\plugins\workflow\workflow-job\2.40\workflow-job-2.40.jar;C:\Users\BirSikander\.m2\repository\org\jenkins-ci\plugins\workflow\workflow-basic-steps\2.23\workflow-basic-steps-2.23.jar;C:\Users\BirSikander\.m2\repository\org\jenkins-ci\plugins\mailer\1.32.1\mailer-1.32.1.jar;C:\Users\BirSikander\.m2\repository\org\jenkins-ci\plugins\display-url-api\2.3.4\display-url-api-2.3.4.jar;C:\Users\BirSikander\.m2\repository\org\jenkins-ci\plugins\apache-httpcomponents-client-4-api\4.5.13-1.0\apache-httpcomponents-client-4-api-4.5.13-1.0.jar;C:\Users\BirSikander\.m2\repository\org\apache\httpcomponents\httpcore\4.4.14\httpcore-4.4.14.jar;C:\Users\BirSikander\.m2\repository\org\apache\httpcomponents\httpcore-nio\4.4.14\httpcore-nio-4.4.14.jar;C:\Users\BirSikander\.m2\repository\org\apache\httpcomponents\httpclient\4.5.13\httpclient-4.5.13.jar;C:\Users\BirSikander\.m2\repository\org\apache\httpcomponents\httpmime\4.5.13\httpmime-4.5.13.jar;C:\Users\BirSikander\.m2\repository\org\apache\httpcomponents\fluent-hc\4.5.13\fluent-hc-4.5.13.jar;C:\Users\BirSikander\.m2\repository\org\apache\httpcomponents\httpclient-cache\4.5.13\httpclient-cache-4.5.13.jar;C:\Users\BirSikander\.m2\repository\org\apache\httpcomponents\httpasyncclient\4.1.4\httpasyncclient-4.1.4.jar;C:\Users\BirSikander\.m2\repository\org\apache\httpcomponents\httpasyncclient-cache\4.1.4\httpasyncclient-cache-4.1.4.jar;C:\Users\BirSikander\.m2\repository\com\ning\async-http-client\1.9.40\async-http-client-1.9.40.jar;C:\Users\BirSikander\.m2\repository\io\netty\netty\3.10.6.Final\netty-3.10.6.Final.jar;C:\Users\BirSikander\.m2\repository\org\slf4j\slf4j-api\1.7.25\slf4j-api-1.7.25.jar;C:\Users\BirSikander\.m2\repository\org\slf4j\slf4j-nop\1.7.25\slf4j-nop-1.7.25.jar;C:\Users\BirSikander\.m2\repository\com\google\code\gson\gson\2.8.0\gson-2.8.0.jar;C:\Users\BirSikander\.m2\repository\org\jenkins-ci\plugins\jquery\1.11.2-1\jquery-1.11.2-1.jar;C:\Users\BirSikander\.m2\repository\org\kohsuke\stapler\stapler-adjunct-jquery\1.11.2-0\stapler-adjunct-jquery-1.11.2-0.jar;C:\Users\BirSikander\.m2\repository\org\jenkins-ci\plugins\anything-goes-formatter\1.0\anything-goes-formatter-1.0.jar;C:\Users\BirSikander\.m2\repository\javax\xml\bind\jaxb-api\2.3.0-b170201.1204\jaxb-api-2.3.0-b170201.1204.jar;C:\Users\BirSikander\.m2\repository\javax\activation\activation\1.1\activation-1.1.jar;C:\Users\BirSikander\.m2\repository\org\glassfish\jaxb\jaxb-runtime\2.3.0-b170127.1453\jaxb-runtime-2.3.0-b170127.1453.jar;C:\Users\BirSikander\.m2\repository\org\glassfish\jaxb\jaxb-core\2.3.0-b170127.1453\jaxb-core-2.3.0-b170127.1453.jar;C:\Users\BirSikander\.m2\repository\org\glassfish\jaxb\txw2\2.3.0-b170127.1453\txw2-2.3.0-b170127.1453.jar;C:\Users\BirSikander\.m2\repository\com\sun\istack\istack-commons-runtime\3.0.4\istack-commons-runtime-3.0.4.jar;C:\Users\BirSikander\.m2\repository\org\jvnet\staxex\stax-ex\1.7.8\stax-ex-1.7.8.jar;C:\Users\BirSikander\.m2\repository\com\sun\xml\fastinfoset\FastInfoset\1.2.13\FastInfoset-1.2.13.jar;C:\Users\BirSikander\.m2\repository\com\google\code\findbugs\annotations\3.0.1\annotations-3.0.1.jar;C:\Users\BirSikander\.m2\repository\com\google\code\findbugs\jsr305\3.0.1\jsr305-3.0.1.jar;C:\Users\BirSikander\.m2\repository\org\jenkins-ci\plugins\workflow\workflow-durable-task-step\2.37\workflow-durable-task-step-2.37.jar;C:\Users\BirSikander\.m2\repository\org\jenkins-ci\plugins\durable-task\1.35\durable-task-1.35.jar;C:\Users\BirSikander\.m2\repository\org\jenkins-ci\main\jenkins-core\2.277.1\jenkins-core-2.277.1.jar;C:\Users\BirSikander\.m2\repository\org\jenkins-ci\main\remoting\4.6\remoting-4.6.jar;C:\Users\BirSikander\.m2\repository\org\jenkins-ci\main\cli\2.277.1\cli-2.277.1.jar;C:\Users\BirSikander\.m2\repository\org\jenkins-ci\version-number\1.7\version-number-1.7.jar;C:\Users\BirSikander\.m2\repository\org\jenkins-ci\crypto-util\1.5\crypto-util-1.5.jar;C:\Users\BirSikander\.m2\repository\org\jvnet\hudson\jtidy\4aug2000r7-dev-hudson-1\jtidy-4aug2000r7-dev-hudson-1.jar;C:\Users\BirSikander\.m2\repository\com\google\inject\guice\4.0\guice-4.0.jar;C:\Users\BirSikander\.m2\repository\javax\inject\javax.inject\1\javax.inject-1.jar;C:\Users\BirSikander\.m2\repository\aopalliance\aopalliance\1.0\aopalliance-1.0.jar;C:\Users\BirSikander\.m2\repository\org\connectbot\jbcrypt\jbcrypt\1.0.0\jbcrypt-1.0.0.jar;C:\Users\BirSikander\.m2\repository\org\jruby\ext\posix\jna-posix\1.0.3-jenkins-1\jna-posix-1.0.3-jenkins-1.jar;C:\Users\BirSikander\.m2\repository\com\github\jnr\jnr-posix\3.1.4\jnr-posix-3.1.4.jar;C:\Users\BirSikander\.m2\repository\com\github\jnr\jnr-ffi\2.2.1\jnr-ffi-2.2.1.jar;C:\Users\BirSikander\.m2\repository\com\github\jnr\jffi\1.3.1\jffi-1.3.1.jar;C:\Users\BirSikander\.m2\repository\com\github\jnr\jffi\1.3.1\jffi-1.3.1-native.jar;C:\Users\BirSikander\.m2\repository\org\ow2\asm\asm\9.0\asm-9.0.jar;C:\Users\BirSikander\.m2\repository\org\ow2\asm\asm-commons\9.0\asm-commons-9.0.jar;C:\Users\BirSikander\.m2\repository\org\ow2\asm\asm-analysis\9.0\asm-analysis-9.0.jar;C:\Users\BirSikander\.m2\repository\org\ow2\asm\asm-tree\9.0\asm-tree-9.0.jar;C:\Users\BirSikander\.m2\repository\org\ow2\asm\asm-util\9.0\asm-util-9.0.jar;C:\Users\BirSikander\.m2\repository\com\github\jnr\jnr-a64asm\1.0.0\jnr-a64asm-1.0.0.jar;C:\Users\BirSikander\.m2\repository\com\github\jnr\jnr-x86asm\1.0.2\jnr-x86asm-1.0.2.jar;C:\Users\BirSikander\.m2\repository\com\github\jnr\jnr-constants\0.10.1\jnr-constants-0.10.1.jar;C:\Users\BirSikander\.m2\repository\org\kohsuke\stapler\stapler\1.262\stapler-1.262.jar;C:\Users\BirSikander\.m2\repository\javax\annotation\javax.annotation-api\1.2\javax.annotation-api-1.2.jar;C:\Users\BirSikander\.m2\repository\commons-discovery\commons-discovery\0.4\commons-discovery-0.4.jar;C:\Users\BirSikander\.m2\repository\org\jvnet\tiger-types\2.2\tiger-types-2.2.jar;C:\Users\BirSikander\.m2\repository\org\kohsuke\asm5\5.0.1\asm5-5.0.1.jar;C:\Users\BirSikander\.m2\repository\org\kohsuke\stapler\stapler-groovy\1.262\stapler-groovy-1.262.jar;C:\Users\BirSikander\.m2\repository\org\kohsuke\stapler\stapler-jelly\1.262\stapler-jelly-1.262.jar;C:\Users\BirSikander\.m2\repository\org\jenkins-ci\commons-jelly\1.1-jenkins-20120928\commons-jelly-1.1-jenkins-20120928.jar;C:\Users\BirSikander\.m2\repository\org\dom4j\dom4j\2.1.3\dom4j-2.1.3.jar;C:\Users\BirSikander\.m2\repository\org\kohsuke\windows-package-checker\1.2\windows-package-checker-1.2.jar;C:\Users\BirSikander\.m2\repository\org\kohsuke\stapler\stapler-adjunct-timeline\1.5\stapler-adjunct-timeline-1.5.jar;C:\Users\BirSikander\.m2\repository\org\kohsuke\stapler\stapler-adjunct-codemirror\1.3\stapler-adjunct-codemirror-1.3.jar;C:\Users\BirSikander\.m2\repository\io\jenkins\stapler\jenkins-stapler-support\1.1\jenkins-stapler-support-1.1.jar;C:\Users\BirSikander\.m2\repository\com\infradna\tool\bridge-method-annotation\1.13\bridge-method-annotation-1.13.jar;C:\Users\BirSikander\.m2\repository\org\kohsuke\stapler\json-lib\2.4-jenkins-2\json-lib-2.4-jenkins-2.jar;C:\Users\BirSikander\.m2\repository\net\sf\ezmorph\ezmorph\1.0.6\ezmorph-1.0.6.jar;C:\Users\BirSikander\.m2\repository\commons-httpclient\commons-httpclient\3.1-jenkins-2\commons-httpclient-3.1-jenkins-2.jar;C:\Users\BirSikander\.m2\repository\args4j\args4j\2.33\args4j-2.33.jar;C:\Users\BirSikander\.m2\repository\org\jenkins-ci\annotation-indexer\1.12\annotation-indexer-1.12.jar;C:\Users\BirSikander\.m2\repository\org\jenkins-ci\bytecode-compatibility-transformer\2.0-beta-2\bytecode-compatibility-transformer-2.0-beta-2.jar;C:\Users\BirSikander\.m2\repository\org\kohsuke\asm6\6.2\asm6-6.2.jar;C:\Users\BirSikander\.m2\repository\org\jenkins-ci\constant-pool-scanner\1.2\constant-pool-scanner-1.2.jar;C:\Users\BirSikander\.m2\repository\org\jenkins-ci\task-reactor\1.5\task-reactor-1.5.jar;C:\Users\BirSikander\.m2\repository\org\jvnet\localizer\localizer\1.28\localizer-1.28.jar;C:\Users\BirSikander\.m2\repository\antlr\antlr\2.7.7\antlr-2.7.7.jar;C:\Users\BirSikander\.m2\repository\com\thoughtworks\xstream\xstream\1.4.15\xstream-1.4.15.jar;C:\Users\BirSikander\.m2\repository\xpp3\xpp3\1.1.4c\xpp3-1.1.4c.jar;C:\Users\BirSikander\.m2\repository\net\sf\kxml\kxml2\2.3.0\kxml2-2.3.0.jar;C:\Users\BirSikander\.m2\repository\org\jfree\jfreechart\1.0.19\jfreechart-1.0.19.jar;C:\Users\BirSikander\.m2\repository\org\jfree\jcommon\1.0.23\jcommon-1.0.23.jar;C:\Users\BirSikander\.m2\repository\org\apache\ant\ant\1.10.9\ant-1.10.9.jar;C:\Users\BirSikander\.m2\repository\org\apache\ant\ant-launcher\1.10.9\ant-launcher-1.10.9.jar;C:\Program Files\Java\jdk1.8.0_291\jre\..\lib\tools.jar;C:\Users\BirSikander\.m2\repository\commons-io\commons-io\2.8.0\commons-io-2.8.0.jar;C:\Users\BirSikander\.m2\repository\commons-lang\commons-lang\2.6\commons-lang-2.6.jar;C:\Users\BirSikander\.m2\repository\commons-digester\commons-digester\2.1\commons-digester-2.1.jar;C:\Users\BirSikander\.m2\repository\commons-beanutils\commons-beanutils\1.9.3\commons-beanutils-1.9.3.jar;C:\Users\BirSikander\.m2\repository\org\apache\commons\commons-compress\1.19\commons-compress-1.19.jar;C:\Users\BirSikander\.m2\repository\com\sun\mail\jakarta.mail\1.6.5\jakarta.mail-1.6.5.jar;C:\Users\BirSikander\.m2\repository\com\sun\activation\jakarta.activation\1.2.1\jakarta.activation-1.2.1.jar;C:\Users\BirSikander\.m2\repository\jaxen\jaxen\1.1-beta-11\jaxen-1.1-beta-11.jar;C:\Users\BirSikander\.m2\repository\commons-jelly\commons-jelly-tags-fmt\1.0\commons-jelly-tags-fmt-1.0.jar;C:\Users\BirSikander\.m2\repository\commons-jelly\commons-jelly-tags-xml\1.1\commons-jelly-tags-xml-1.1.jar;C:\Users\BirSikander\.m2\repository\org\jvnet\hudson\commons-jelly-tags-define\1.0.1-hudson-20071021\commons-jelly-tags-define-1.0.1-hudson-20071021.jar;C:\Users\BirSikander\.m2\repository\org\jenkins-ci\commons-jexl\1.1-jenkins-20111212\commons-jexl-1.1-jenkins-20111212.jar;C:\Users\BirSikander\.m2\repository\org\springframework\security\spring-security-web\5.4.4\spring-security-web-5.4.4.jar;C:\Users\BirSikander\.m2\repository\org\springframework\security\spring-security-core\5.4.4\spring-security-core-5.4.4.jar;C:\Users\BirSikander\.m2\repository\org\springframework\spring-aop\5.2.12.RELEASE\spring-aop-5.2.12.RELEASE.jar;C:\Users\BirSikander\.m2\repository\org\springframework\spring-beans\5.2.12.RELEASE\spring-beans-5.2.12.RELEASE.jar;C:\Users\BirSikander\.m2\repository\org\springframework\spring-context\5.2.12.RELEASE\spring-context-5.2.12.RELEASE.jar;C:\Users\BirSikander\.m2\repository\org\springframework\spring-core\5.2.12.RELEASE\spring-core-5.2.12.RELEASE.jar;C:\Users\BirSikander\.m2\repository\org\springframework\spring-expression\5.2.12.RELEASE\spring-expression-5.2.12.RELEASE.jar;C:\Users\BirSikander\.m2\repository\org\springframework\spring-web\5.2.12.RELEASE\spring-web-5.2.12.RELEASE.jar;C:\Users\BirSikander\.m2\repository\org\codehaus\groovy\groovy-all\2.4.12\groovy-all-2.4.12.jar;C:\Users\BirSikander\.m2\repository\jline\jline\2.12\jline-2.12.jar;C:\Users\BirSikander\.m2\repository\org\fusesource\jansi\jansi\1.11\jansi-1.11.jar;C:\Users\BirSikander\.m2\repository\jakarta\servlet\jsp\jstl\jakarta.servlet.jsp.jstl-api\1.2.7\jakarta.servlet.jsp.jstl-api-1.2.7.jar;C:\Users\BirSikander\.m2\repository\org\slf4j\jcl-over-slf4j\1.7.30\jcl-over-slf4j-1.7.30.jar;C:\Users\BirSikander\.m2\repository\org\slf4j\log4j-over-slf4j\1.7.30\log4j-over-slf4j-1.7.30.jar;C:\Users\BirSikander\.m2\repository\com\sun\xml\txw2\txw2\20110809\txw2-20110809.jar;C:\Users\BirSikander\.m2\repository\javax\xml\stream\stax-api\1.0-2\stax-api-1.0-2.jar;C:\Users\BirSikander\.m2\repository\relaxngDatatype\relaxngDatatype\20020414\relaxngDatatype-20020414.jar;C:\Users\BirSikander\.m2\repository\commons-collections\commons-collections\3.2.2\commons-collections-3.2.2.jar;C:\Users\BirSikander\.m2\repository\org\jvnet\winp\winp\1.28\winp-1.28.jar;C:\Users\BirSikander\.m2\repository\org\jenkins-ci\memory-monitor\1.9\memory-monitor-1.9.jar;C:\Users\BirSikander\.m2\repository\org\codehaus\woodstox\wstx-asl\3.2.9\wstx-asl-3.2.9.jar;C:\Users\BirSikander\.m2\repository\stax\stax-api\1.0.1\stax-api-1.0.1.jar;C:\Users\BirSikander\.m2\repository\net\java\dev\jna\jna\5.6.0\jna-5.6.0.jar;C:\Users\BirSikander\.m2\repository\org\kohsuke\akuma\1.10\akuma-1.10.jar;C:\Users\BirSikander\.m2\repository\org\kohsuke\libpam4j\1.11\libpam4j-1.11.jar;C:\Users\BirSikander\.m2\repository\com\sun\solaris\embedded_su4j\1.1\embedded_su4j-1.1.jar;C:\Users\BirSikander\.m2\repository\net\java\sezpoz\sezpoz\1.13\sezpoz-1.13.jar;C:\Users\BirSikander\.m2\repository\org\kohsuke\jinterop\j-interop\2.0.8-kohsuke-1\j-interop-2.0.8-kohsuke-1.jar;C:\Users\BirSikander\.m2\repository\org\kohsuke\jinterop\j-interopdeps\2.0.8-kohsuke-1\j-interopdeps-2.0.8-kohsuke-1.jar;C:\Users\BirSikander\.m2\repository\org\samba\jcifs\jcifs\1.3.18-kohsuke-1\jcifs-1.3.18-kohsuke-1.jar;C:\Users\BirSikander\.m2\repository\org\jvnet\robust-http-client\robust-http-client\1.2\robust-http-client-1.2.jar;C:\Users\BirSikander\.m2\repository\commons-codec\commons-codec\1.15\commons-codec-1.15.jar;C:\Users\BirSikander\.m2\repository\commons-fileupload\commons-fileupload\1.3.1-jenkins-2\commons-fileupload-1.3.1-jenkins-2.jar;C:\Users\BirSikander\.m2\repository\com\google\guava\guava\11.0.1\guava-11.0.1.jar;C:\Users\BirSikander\.m2\repository\com\jcraft\jzlib\1.1.3-kohsuke-1\jzlib-1.1.3-kohsuke-1.jar;C:\Users\BirSikander\.m2\repository\org\jenkins-ci\main\jenkins-war\2.277.1\jenkins-war-2.277.1.war;C:\Users\BirSikander\.m2\repository\org\jenkins-ci\modules\instance-identity\2.2\instance-identity-2.2.jar;C:\Users\BirSikander\.m2\repository\io\github\stephenc\crypto\self-signed-cert-generator\1.0.0\self-signed-cert-generator-1.0.0.jar;C:\Users\BirSikander\.m2\repository\org\jenkins-ci\modules\ssh-cli-auth\1.8\ssh-cli-auth-1.8.jar;C:\Users\BirSikander\.m2\repository\org\jenkins-ci\modules\slave-installer\1.7\slave-installer-1.7.jar;C:\Users\BirSikander\.m2\repository\org\jenkins-ci\modules\windows-slave-installer\2.0\windows-slave-installer-2.0.jar;C:\Users\BirSikander\.m2\repository\org\jenkins-ci\modules\launchd-slave-installer\1.2\launchd-slave-installer-1.2.jar;C:\Users\BirSikander\.m2\repository\org\jenkins-ci\modules\upstart-slave-installer\1.1\upstart-slave-installer-1.1.jar;C:\Users\BirSikander\.m2\repository\org\jenkins-ci\modules\systemd-slave-installer\1.1\systemd-slave-installer-1.1.jar;C:\Users\BirSikander\.m2\repository\org\jenkins-ci\modules\sshd\2.7\sshd-2.7.jar;C:\Users\BirSikander\.m2\repository\org\apache\sshd\sshd-core\1.7.0\sshd-core-1.7.0.jar;C:\Users\BirSikander\.m2\repository\net\i2p\crypto\eddsa\0.3.0\eddsa-0.3.0.jar;C:\Users\BirSikander\.m2\repository\org\jenkins-ci\ui\handlebars\1.1.1\handlebars-1.1.1-core-assets.jar;C:\Users\BirSikander\.m2\repository\org\slf4j\slf4j-jdk14\1.7.30\slf4j-jdk14-1.7.30.jar;C:\Users\BirSikander\.m2\repository\javax\servlet\javax.servlet-api\3.1.0\javax.servlet-api-3.1.0.jar;C:\Users\BirSikander\.m2\repository\com\github\spotbugs\spotbugs-annotations\4.2.0\spotbugs-annotations-4.2.0.jar;C:\Users\BirSikander\.m2\repository\net\jcip\jcip-annotations\1.0\jcip-annotations-1.0.jar;C:\Users\BirSikander\.m2\repository\org\codehaus\mojo\animal-sniffer-annotations\1.19\animal-sniffer-annotations-1.19.jar;C:\Users\BirSikander\.m2\repository\commons-logging\commons-logging\1.2\commons-logging-1.2.jar;C:\Users\BirSikander\.m2\repository\org\kohsuke\access-modifier-annotation\1.16\access-modifier-annotation-1.16.jar;C:\Users\BirSikander\.m2\repository\org\jenkins-ci\main\jenkins-test-harness\2.71\jenkins-test-harness-2.71.jar;C:\Users\BirSikander\.m2\repository\org\eclipse\jetty\jetty-webapp\9.4.34.v20201102\jetty-webapp-9.4.34.v20201102.jar;C:\Users\BirSikander\.m2\repository\org\eclipse\jetty\jetty-xml\9.4.34.v20201102\jetty-xml-9.4.34.v20201102.jar;C:\Users\BirSikander\.m2\repository\org\eclipse\jetty\jetty-util\9.4.34.v20201102\jetty-util-9.4.34.v20201102.jar;C:\Users\BirSikander\.m2\repository\org\eclipse\jetty\jetty-servlet\9.4.34.v20201102\jetty-servlet-9.4.34.v20201102.jar;C:\Users\BirSikander\.m2\repository\org\eclipse\jetty\jetty-security\9.4.34.v20201102\jetty-security-9.4.34.v20201102.jar;C:\Users\BirSikander\.m2\repository\org\eclipse\jetty\jetty-server\9.4.34.v20201102\jetty-server-9.4.34.v20201102.jar;C:\Users\BirSikander\.m2\repository\org\eclipse\jetty\jetty-io\9.4.34.v20201102\jetty-io-9.4.34.v20201102.jar;C:\Users\BirSikander\.m2\repository\org\eclipse\jetty\websocket\websocket-api\9.4.34.v20201102\websocket-api-9.4.34.v20201102.jar;C:\Users\BirSikander\.m2\repository\org\eclipse\jetty\websocket\websocket-server\9.4.34.v20201102\websocket-server-9.4.34.v20201102.jar;C:\Users\BirSikander\.m2\repository\org\eclipse\jetty\websocket\websocket-common\9.4.34.v20201102\websocket-common-9.4.34.v20201102.jar;C:\Users\BirSikander\.m2\repository\org\eclipse\jetty\websocket\websocket-client\9.4.34.v20201102\websocket-client-9.4.34.v20201102.jar;C:\Users\BirSikander\.m2\repository\org\eclipse\jetty\jetty-client\9.4.34.v20201102\jetty-client-9.4.34.v20201102.jar;C:\Users\BirSikander\.m2\repository\org\eclipse\jetty\websocket\websocket-servlet\9.4.34.v20201102\websocket-servlet-9.4.34.v20201102.jar;C:\Users\BirSikander\.m2\repository\org\eclipse\jetty\jetty-http\9.4.34.v20201102\jetty-http-9.4.34.v20201102.jar;C:\Users\BirSikander\.m2\repository\org\hamcrest\hamcrest\2.2\hamcrest-2.2.jar;C:\Users\BirSikander\.m2\repository\org\hamcrest\hamcrest-core\2.2\hamcrest-core-2.2.jar;C:\Users\BirSikander\.m2\repository\org\hamcrest\hamcrest-library\2.2\hamcrest-library-2.2.jar;C:\Users\BirSikander\.m2\repository\org\jenkins-ci\main\jenkins-test-harness-htmlunit\3\jenkins-test-harness-htmlunit-3.jar;C:\Users\BirSikander\.m2\repository\xalan\serializer\2.7.2\serializer-2.7.2.jar;C:\Users\BirSikander\.m2\repository\xml-apis\xml-apis\1.4.01\xml-apis-1.4.01.jar;C:\Users\BirSikander\.m2\repository\commons-net\commons-net\3.6\commons-net-3.6.jar;C:\Users\BirSikander\.m2\repository\org\brotli\dec\0.1.2\dec-0.1.2.jar;C:\Users\BirSikander\.m2\repository\com\shapesecurity\salvation\2.7.2\salvation-2.7.2.jar;C:\Users\BirSikander\.m2\repository\org\jvnet\hudson\embedded-rhino-debugger\1.2\embedded-rhino-debugger-1.2.jar;C:\Users\BirSikander\.m2\repository\io\jenkins\lib\support-log-formatter\1.0\support-log-formatter-1.0.jar;C:\Users\BirSikander\.m2\repository\org\netbeans\modules\org-netbeans-insane\RELEASE111\org-netbeans-insane-RELEASE111.jar;C:\Users\BirSikander\.m2\repository\org\openjdk\jmh\jmh-core\1.26\jmh-core-1.26.jar;C:\Users\BirSikander\.m2\repository\net\sf\jopt-simple\jopt-simple\4.6\jopt-simple-4.6.jar;C:\Users\BirSikander\.m2\repository\org\apache\commons\commons-math3\3.2\commons-math3-3.2.jar;C:\Users\BirSikander\.m2\repository\org\openjdk\jmh\jmh-generator-annprocess\1.26\jmh-generator-annprocess-1.26.jar;C:\Users\BirSikander\.m2\repository\org\jenkins-ci\test-annotations\1.3\test-annotations-1.3.jar;C:\Users\BirSikander\.m2\repository\junit\junit\4.13.1\junit-4.13.1.jar;"/>
    <property name="java.vm.vendor" value="Oracle Corporation"/>
    <property name="sun.arch.data.model" value="64"/>
    <property name="user.variant" value=""/>
    <property name="java.vendor.url" value="http://java.oracle.com/"/>
    <property name="user.timezone" value="Asia/Calcutta"/>
    <property name="java.vm.specification.version" value="1.8"/>
    <property name="os.name" value="Windows 10"/>
    <property name="user.country" value="US"/>
    <property name="sun.java.launcher" value="SUN_STANDARD"/>
    <property name="sun.boot.library.path" value="C:\Program Files\Java\jdk1.8.0_291\jre\bin"/>
    <property name="sun.java.command" value="C:\Users\BirSikander\AppData\Local\Temp\surefire1666405392263306609\surefirebooter3972534970238587428.jar C:\Users\BirSikander\AppData\Local\Temp\surefire1666405392263306609 2021-07-19T15-10-16_265-jvmRun1 surefire8220397785461881950tmp surefire_01008738978079841531tmp"/>
    <property name="surefire.test.class.path" value="C:\Users\BirSikander\eclipse-workspace\7_19_jenkins\codea\target\test-classes;C:\Users\BirSikander\eclipse-workspace\7_19_jenkins\codea\target\classes;C:\Users\BirSikander\.m2\repository\org\jenkins-ci\plugins\structs\1.22\structs-1.22.jar;C:\Users\BirSikander\.m2\repository\org\jenkins-ci\symbol-annotation\1.22\symbol-annotation-1.22.jar;C:\Users\BirSikander\.m2\repository\org\jenkins-ci\plugins\workflow\workflow-cps\2.89\workflow-cps-2.89.jar;C:\Users\BirSikander\.m2\repository\org\jenkins-ci\plugins\workflow\workflow-step-api\2.23\workflow-step-api-2.23.jar;C:\Users\BirSikander\.m2\repository\org\jenkins-ci\plugins\workflow\workflow-api\2.41\workflow-api-2.41.jar;C:\Users\BirSikander\.m2\repository\org\jenkins-ci\plugins\workflow\workflow-support\3.7\workflow-support-3.7.jar;C:\Users\BirSikander\.m2\repository\org\jboss\marshalling\jboss-marshalling-river\2.0.6.Final\jboss-marshalling-river-2.0.6.Final.jar;C:\Users\BirSikander\.m2\repository\org\jboss\marshalling\jboss-marshalling\2.0.6.Final\jboss-marshalling-2.0.6.Final.jar;C:\Users\BirSikander\.m2\repository\org\jenkins-ci\plugins\workflow\workflow-scm-step\2.11\workflow-scm-step-2.11.jar;C:\Users\BirSikander\.m2\repository\org\jenkins-ci\plugins\script-security\1.76\script-security-1.76.jar;C:\Users\BirSikander\.m2\repository\org\kohsuke\groovy-sandbox\1.27\groovy-sandbox-1.27.jar;C:\Users\BirSikander\.m2\repository\com\github\ben-manes\caffeine\caffeine\2.8.8\caffeine-2.8.8.jar;C:\Users\BirSikander\.m2\repository\org\checkerframework\checker-qual\3.8.0\checker-qual-3.8.0.jar;C:\Users\BirSikander\.m2\repository\com\google\errorprone\error_prone_annotations\2.4.0\error_prone_annotations-2.4.0.jar;C:\Users\BirSikander\.m2\repository\org\jenkins-ci\plugins\scm-api\2.6.4\scm-api-2.6.4.jar;C:\Users\BirSikander\.m2\repository\com\cloudbees\groovy-cps\1.32\groovy-cps-1.32.jar;C:\Users\BirSikander\.m2\repository\org\jenkins-ci\ui\ace-editor\1.1\ace-editor-1.1.jar;C:\Users\BirSikander\.m2\repository\com\cloudbees\diff4j\1.3\diff4j-1.3.jar;C:\Users\BirSikander\.m2\repository\org\jenkins-ci\plugins\workflow\workflow-job\2.40\workflow-job-2.40.jar;C:\Users\BirSikander\.m2\repository\org\jenkins-ci\plugins\workflow\workflow-basic-steps\2.23\workflow-basic-steps-2.23.jar;C:\Users\BirSikander\.m2\repository\org\jenkins-ci\plugins\mailer\1.32.1\mailer-1.32.1.jar;C:\Users\BirSikander\.m2\repository\org\jenkins-ci\plugins\display-url-api\2.3.4\display-url-api-2.3.4.jar;C:\Users\BirSikander\.m2\repository\org\jenkins-ci\plugins\apache-httpcomponents-client-4-api\4.5.13-1.0\apache-httpcomponents-client-4-api-4.5.13-1.0.jar;C:\Users\BirSikander\.m2\repository\org\apache\httpcomponents\httpcore\4.4.14\httpcore-4.4.14.jar;C:\Users\BirSikander\.m2\repository\org\apache\httpcomponents\httpcore-nio\4.4.14\httpcore-nio-4.4.14.jar;C:\Users\BirSikander\.m2\repository\org\apache\httpcomponents\httpclient\4.5.13\httpclient-4.5.13.jar;C:\Users\BirSikander\.m2\repository\org\apache\httpcomponents\httpmime\4.5.13\httpmime-4.5.13.jar;C:\Users\BirSikander\.m2\repository\org\apache\httpcomponents\fluent-hc\4.5.13\fluent-hc-4.5.13.jar;C:\Users\BirSikander\.m2\repository\org\apache\httpcomponents\httpclient-cache\4.5.13\httpclient-cache-4.5.13.jar;C:\Users\BirSikander\.m2\repository\org\apache\httpcomponents\httpasyncclient\4.1.4\httpasyncclient-4.1.4.jar;C:\Users\BirSikander\.m2\repository\org\apache\httpcomponents\httpasyncclient-cache\4.1.4\httpasyncclient-cache-4.1.4.jar;C:\Users\BirSikander\.m2\repository\com\ning\async-http-client\1.9.40\async-http-client-1.9.40.jar;C:\Users\BirSikander\.m2\repository\io\netty\netty\3.10.6.Final\netty-3.10.6.Final.jar;C:\Users\BirSikander\.m2\repository\org\slf4j\slf4j-api\1.7.25\slf4j-api-1.7.25.jar;C:\Users\BirSikander\.m2\repository\org\slf4j\slf4j-nop\1.7.25\slf4j-nop-1.7.25.jar;C:\Users\BirSikander\.m2\repository\com\google\code\gson\gson\2.8.0\gson-2.8.0.jar;C:\Users\BirSikander\.m2\repository\org\jenkins-ci\plugins\jquery\1.11.2-1\jquery-1.11.2-1.jar;C:\Users\BirSikander\.m2\repository\org\kohsuke\stapler\stapler-adjunct-jquery\1.11.2-0\stapler-adjunct-jquery-1.11.2-0.jar;C:\Users\BirSikander\.m2\repository\org\jenkins-ci\plugins\anything-goes-formatter\1.0\anything-goes-formatter-1.0.jar;C:\Users\BirSikander\.m2\repository\javax\xml\bind\jaxb-api\2.3.0-b170201.1204\jaxb-api-2.3.0-b170201.1204.jar;C:\Users\BirSikander\.m2\repository\javax\activation\activation\1.1\activation-1.1.jar;C:\Users\BirSikander\.m2\repository\org\glassfish\jaxb\jaxb-runtime\2.3.0-b170127.1453\jaxb-runtime-2.3.0-b170127.1453.jar;C:\Users\BirSikander\.m2\repository\org\glassfish\jaxb\jaxb-core\2.3.0-b170127.1453\jaxb-core-2.3.0-b170127.1453.jar;C:\Users\BirSikander\.m2\repository\org\glassfish\jaxb\txw2\2.3.0-b170127.1453\txw2-2.3.0-b170127.1453.jar;C:\Users\BirSikander\.m2\repository\com\sun\istack\istack-commons-runtime\3.0.4\istack-commons-runtime-3.0.4.jar;C:\Users\BirSikander\.m2\repository\org\jvnet\staxex\stax-ex\1.7.8\stax-ex-1.7.8.jar;C:\Users\BirSikander\.m2\repository\com\sun\xml\fastinfoset\FastInfoset\1.2.13\FastInfoset-1.2.13.jar;C:\Users\BirSikander\.m2\repository\com\google\code\findbugs\annotations\3.0.1\annotations-3.0.1.jar;C:\Users\BirSikander\.m2\repository\com\google\code\findbugs\jsr305\3.0.1\jsr305-3.0.1.jar;C:\Users\BirSikander\.m2\repository\org\jenkins-ci\plugins\workflow\workflow-durable-task-step\2.37\workflow-durable-task-step-2.37.jar;C:\Users\BirSikander\.m2\repository\org\jenkins-ci\plugins\durable-task\1.35\durable-task-1.35.jar;C:\Users\BirSikander\.m2\repository\org\jenkins-ci\main\jenkins-core\2.277.1\jenkins-core-2.277.1.jar;C:\Users\BirSikander\.m2\repository\org\jenkins-ci\main\remoting\4.6\remoting-4.6.jar;C:\Users\BirSikander\.m2\repository\org\jenkins-ci\main\cli\2.277.1\cli-2.277.1.jar;C:\Users\BirSikander\.m2\repository\org\jenkins-ci\version-number\1.7\version-number-1.7.jar;C:\Users\BirSikander\.m2\repository\org\jenkins-ci\crypto-util\1.5\crypto-util-1.5.jar;C:\Users\BirSikander\.m2\repository\org\jvnet\hudson\jtidy\4aug2000r7-dev-hudson-1\jtidy-4aug2000r7-dev-hudson-1.jar;C:\Users\BirSikander\.m2\repository\com\google\inject\guice\4.0\guice-4.0.jar;C:\Users\BirSikander\.m2\repository\javax\inject\javax.inject\1\javax.inject-1.jar;C:\Users\BirSikander\.m2\repository\aopalliance\aopalliance\1.0\aopalliance-1.0.jar;C:\Users\BirSikander\.m2\repository\org\connectbot\jbcrypt\jbcrypt\1.0.0\jbcrypt-1.0.0.jar;C:\Users\BirSikander\.m2\repository\org\jruby\ext\posix\jna-posix\1.0.3-jenkins-1\jna-posix-1.0.3-jenkins-1.jar;C:\Users\BirSikander\.m2\repository\com\github\jnr\jnr-posix\3.1.4\jnr-posix-3.1.4.jar;C:\Users\BirSikander\.m2\repository\com\github\jnr\jnr-ffi\2.2.1\jnr-ffi-2.2.1.jar;C:\Users\BirSikander\.m2\repository\com\github\jnr\jffi\1.3.1\jffi-1.3.1.jar;C:\Users\BirSikander\.m2\repository\com\github\jnr\jffi\1.3.1\jffi-1.3.1-native.jar;C:\Users\BirSikander\.m2\repository\org\ow2\asm\asm\9.0\asm-9.0.jar;C:\Users\BirSikander\.m2\repository\org\ow2\asm\asm-commons\9.0\asm-commons-9.0.jar;C:\Users\BirSikander\.m2\repository\org\ow2\asm\asm-analysis\9.0\asm-analysis-9.0.jar;C:\Users\BirSikander\.m2\repository\org\ow2\asm\asm-tree\9.0\asm-tree-9.0.jar;C:\Users\BirSikander\.m2\repository\org\ow2\asm\asm-util\9.0\asm-util-9.0.jar;C:\Users\BirSikander\.m2\repository\com\github\jnr\jnr-a64asm\1.0.0\jnr-a64asm-1.0.0.jar;C:\Users\BirSikander\.m2\repository\com\github\jnr\jnr-x86asm\1.0.2\jnr-x86asm-1.0.2.jar;C:\Users\BirSikander\.m2\repository\com\github\jnr\jnr-constants\0.10.1\jnr-constants-0.10.1.jar;C:\Users\BirSikander\.m2\repository\org\kohsuke\stapler\stapler\1.262\stapler-1.262.jar;C:\Users\BirSikander\.m2\repository\javax\annotation\javax.annotation-api\1.2\javax.annotation-api-1.2.jar;C:\Users\BirSikander\.m2\repository\commons-discovery\commons-discovery\0.4\commons-discovery-0.4.jar;C:\Users\BirSikander\.m2\repository\org\jvnet\tiger-types\2.2\tiger-types-2.2.jar;C:\Users\BirSikander\.m2\repository\org\kohsuke\asm5\5.0.1\asm5-5.0.1.jar;C:\Users\BirSikander\.m2\repository\org\kohsuke\stapler\stapler-groovy\1.262\stapler-groovy-1.262.jar;C:\Users\BirSikander\.m2\repository\org\kohsuke\stapler\stapler-jelly\1.262\stapler-jelly-1.262.jar;C:\Users\BirSikander\.m2\repository\org\jenkins-ci\commons-jelly\1.1-jenkins-20120928\commons-jelly-1.1-jenkins-20120928.jar;C:\Users\BirSikander\.m2\repository\org\dom4j\dom4j\2.1.3\dom4j-2.1.3.jar;C:\Users\BirSikander\.m2\repository\org\kohsuke\windows-package-checker\1.2\windows-package-checker-1.2.jar;C:\Users\BirSikander\.m2\repository\org\kohsuke\stapler\stapler-adjunct-timeline\1.5\stapler-adjunct-timeline-1.5.jar;C:\Users\BirSikander\.m2\repository\org\kohsuke\stapler\stapler-adjunct-codemirror\1.3\stapler-adjunct-codemirror-1.3.jar;C:\Users\BirSikander\.m2\repository\io\jenkins\stapler\jenkins-stapler-support\1.1\jenkins-stapler-support-1.1.jar;C:\Users\BirSikander\.m2\repository\com\infradna\tool\bridge-method-annotation\1.13\bridge-method-annotation-1.13.jar;C:\Users\BirSikander\.m2\repository\org\kohsuke\stapler\json-lib\2.4-jenkins-2\json-lib-2.4-jenkins-2.jar;C:\Users\BirSikander\.m2\repository\net\sf\ezmorph\ezmorph\1.0.6\ezmorph-1.0.6.jar;C:\Users\BirSikander\.m2\repository\commons-httpclient\commons-httpclient\3.1-jenkins-2\commons-httpclient-3.1-jenkins-2.jar;C:\Users\BirSikander\.m2\repository\args4j\args4j\2.33\args4j-2.33.jar;C:\Users\BirSikander\.m2\repository\org\jenkins-ci\annotation-indexer\1.12\annotation-indexer-1.12.jar;C:\Users\BirSikander\.m2\repository\org\jenkins-ci\bytecode-compatibility-transformer\2.0-beta-2\bytecode-compatibility-transformer-2.0-beta-2.jar;C:\Users\BirSikander\.m2\repository\org\kohsuke\asm6\6.2\asm6-6.2.jar;C:\Users\BirSikander\.m2\repository\org\jenkins-ci\constant-pool-scanner\1.2\constant-pool-scanner-1.2.jar;C:\Users\BirSikander\.m2\repository\org\jenkins-ci\task-reactor\1.5\task-reactor-1.5.jar;C:\Users\BirSikander\.m2\repository\org\jvnet\localizer\localizer\1.28\localizer-1.28.jar;C:\Users\BirSikander\.m2\repository\antlr\antlr\2.7.7\antlr-2.7.7.jar;C:\Users\BirSikander\.m2\repository\com\thoughtworks\xstream\xstream\1.4.15\xstream-1.4.15.jar;C:\Users\BirSikander\.m2\repository\xpp3\xpp3\1.1.4c\xpp3-1.1.4c.jar;C:\Users\BirSikander\.m2\repository\net\sf\kxml\kxml2\2.3.0\kxml2-2.3.0.jar;C:\Users\BirSikander\.m2\repository\org\jfree\jfreechart\1.0.19\jfreechart-1.0.19.jar;C:\Users\BirSikander\.m2\repository\org\jfree\jcommon\1.0.23\jcommon-1.0.23.jar;C:\Users\BirSikander\.m2\repository\org\apache\ant\ant\1.10.9\ant-1.10.9.jar;C:\Users\BirSikander\.m2\repository\org\apache\ant\ant-launcher\1.10.9\ant-launcher-1.10.9.jar;C:\Program Files\Java\jdk1.8.0_291\jre\..\lib\tools.jar;C:\Users\BirSikander\.m2\repository\commons-io\commons-io\2.8.0\commons-io-2.8.0.jar;C:\Users\BirSikander\.m2\repository\commons-lang\commons-lang\2.6\commons-lang-2.6.jar;C:\Users\BirSikander\.m2\repository\commons-digester\commons-digester\2.1\commons-digester-2.1.jar;C:\Users\BirSikander\.m2\repository\commons-beanutils\commons-beanutils\1.9.3\commons-beanutils-1.9.3.jar;C:\Users\BirSikander\.m2\repository\org\apache\commons\commons-compress\1.19\commons-compress-1.19.jar;C:\Users\BirSikander\.m2\repository\com\sun\mail\jakarta.mail\1.6.5\jakarta.mail-1.6.5.jar;C:\Users\BirSikander\.m2\repository\com\sun\activation\jakarta.activation\1.2.1\jakarta.activation-1.2.1.jar;C:\Users\BirSikander\.m2\repository\jaxen\jaxen\1.1-beta-11\jaxen-1.1-beta-11.jar;C:\Users\BirSikander\.m2\repository\commons-jelly\commons-jelly-tags-fmt\1.0\commons-jelly-tags-fmt-1.0.jar;C:\Users\BirSikander\.m2\repository\commons-jelly\commons-jelly-tags-xml\1.1\commons-jelly-tags-xml-1.1.jar;C:\Users\BirSikander\.m2\repository\org\jvnet\hudson\commons-jelly-tags-define\1.0.1-hudson-20071021\commons-jelly-tags-define-1.0.1-hudson-20071021.jar;C:\Users\BirSikander\.m2\repository\org\jenkins-ci\commons-jexl\1.1-jenkins-20111212\commons-jexl-1.1-jenkins-20111212.jar;C:\Users\BirSikander\.m2\repository\org\springframework\security\spring-security-web\5.4.4\spring-security-web-5.4.4.jar;C:\Users\BirSikander\.m2\repository\org\springframework\security\spring-security-core\5.4.4\spring-security-core-5.4.4.jar;C:\Users\BirSikander\.m2\repository\org\springframework\spring-aop\5.2.12.RELEASE\spring-aop-5.2.12.RELEASE.jar;C:\Users\BirSikander\.m2\repository\org\springframework\spring-beans\5.2.12.RELEASE\spring-beans-5.2.12.RELEASE.jar;C:\Users\BirSikander\.m2\repository\org\springframework\spring-context\5.2.12.RELEASE\spring-context-5.2.12.RELEASE.jar;C:\Users\BirSikander\.m2\repository\org\springframework\spring-core\5.2.12.RELEASE\spring-core-5.2.12.RELEASE.jar;C:\Users\BirSikander\.m2\repository\org\springframework\spring-expression\5.2.12.RELEASE\spring-expression-5.2.12.RELEASE.jar;C:\Users\BirSikander\.m2\repository\org\springframework\spring-web\5.2.12.RELEASE\spring-web-5.2.12.RELEASE.jar;C:\Users\BirSikander\.m2\repository\org\codehaus\groovy\groovy-all\2.4.12\groovy-all-2.4.12.jar;C:\Users\BirSikander\.m2\repository\jline\jline\2.12\jline-2.12.jar;C:\Users\BirSikander\.m2\repository\org\fusesource\jansi\jansi\1.11\jansi-1.11.jar;C:\Users\BirSikander\.m2\repository\jakarta\servlet\jsp\jstl\jakarta.servlet.jsp.jstl-api\1.2.7\jakarta.servlet.jsp.jstl-api-1.2.7.jar;C:\Users\BirSikander\.m2\repository\org\slf4j\jcl-over-slf4j\1.7.30\jcl-over-slf4j-1.7.30.jar;C:\Users\BirSikander\.m2\repository\org\slf4j\log4j-over-slf4j\1.7.30\log4j-over-slf4j-1.7.30.jar;C:\Users\BirSikander\.m2\repository\com\sun\xml\txw2\txw2\20110809\txw2-20110809.jar;C:\Users\BirSikander\.m2\repository\javax\xml\stream\stax-api\1.0-2\stax-api-1.0-2.jar;C:\Users\BirSikander\.m2\repository\relaxngDatatype\relaxngDatatype\20020414\relaxngDatatype-20020414.jar;C:\Users\BirSikander\.m2\repository\commons-collections\commons-collections\3.2.2\commons-collections-3.2.2.jar;C:\Users\BirSikander\.m2\repository\org\jvnet\winp\winp\1.28\winp-1.28.jar;C:\Users\BirSikander\.m2\repository\org\jenkins-ci\memory-monitor\1.9\memory-monitor-1.9.jar;C:\Users\BirSikander\.m2\repository\org\codehaus\woodstox\wstx-asl\3.2.9\wstx-asl-3.2.9.jar;C:\Users\BirSikander\.m2\repository\stax\stax-api\1.0.1\stax-api-1.0.1.jar;C:\Users\BirSikander\.m2\repository\net\java\dev\jna\jna\5.6.0\jna-5.6.0.jar;C:\Users\BirSikander\.m2\repository\org\kohsuke\akuma\1.10\akuma-1.10.jar;C:\Users\BirSikander\.m2\repository\org\kohsuke\libpam4j\1.11\libpam4j-1.11.jar;C:\Users\BirSikander\.m2\repository\com\sun\solaris\embedded_su4j\1.1\embedded_su4j-1.1.jar;C:\Users\BirSikander\.m2\repository\net\java\sezpoz\sezpoz\1.13\sezpoz-1.13.jar;C:\Users\BirSikander\.m2\repository\org\kohsuke\jinterop\j-interop\2.0.8-kohsuke-1\j-interop-2.0.8-kohsuke-1.jar;C:\Users\BirSikander\.m2\repository\org\kohsuke\jinterop\j-interopdeps\2.0.8-kohsuke-1\j-interopdeps-2.0.8-kohsuke-1.jar;C:\Users\BirSikander\.m2\repository\org\samba\jcifs\jcifs\1.3.18-kohsuke-1\jcifs-1.3.18-kohsuke-1.jar;C:\Users\BirSikander\.m2\repository\org\jvnet\robust-http-client\robust-http-client\1.2\robust-http-client-1.2.jar;C:\Users\BirSikander\.m2\repository\commons-codec\commons-codec\1.15\commons-codec-1.15.jar;C:\Users\BirSikander\.m2\repository\commons-fileupload\commons-fileupload\1.3.1-jenkins-2\commons-fileupload-1.3.1-jenkins-2.jar;C:\Users\BirSikander\.m2\repository\com\google\guava\guava\11.0.1\guava-11.0.1.jar;C:\Users\BirSikander\.m2\repository\com\jcraft\jzlib\1.1.3-kohsuke-1\jzlib-1.1.3-kohsuke-1.jar;C:\Users\BirSikander\.m2\repository\org\jenkins-ci\main\jenkins-war\2.277.1\jenkins-war-2.277.1.war;C:\Users\BirSikander\.m2\repository\org\jenkins-ci\modules\instance-identity\2.2\instance-identity-2.2.jar;C:\Users\BirSikander\.m2\repository\io\github\stephenc\crypto\self-signed-cert-generator\1.0.0\self-signed-cert-generator-1.0.0.jar;C:\Users\BirSikander\.m2\repository\org\jenkins-ci\modules\ssh-cli-auth\1.8\ssh-cli-auth-1.8.jar;C:\Users\BirSikander\.m2\repository\org\jenkins-ci\modules\slave-installer\1.7\slave-installer-1.7.jar;C:\Users\BirSikander\.m2\repository\org\jenkins-ci\modules\windows-slave-installer\2.0\windows-slave-installer-2.0.jar;C:\Users\BirSikander\.m2\repository\org\jenkins-ci\modules\launchd-slave-installer\1.2\launchd-slave-installer-1.2.jar;C:\Users\BirSikander\.m2\repository\org\jenkins-ci\modules\upstart-slave-installer\1.1\upstart-slave-installer-1.1.jar;C:\Users\BirSikander\.m2\repository\org\jenkins-ci\modules\systemd-slave-installer\1.1\systemd-slave-installer-1.1.jar;C:\Users\BirSikander\.m2\repository\org\jenkins-ci\modules\sshd\2.7\sshd-2.7.jar;C:\Users\BirSikander\.m2\repository\org\apache\sshd\sshd-core\1.7.0\sshd-core-1.7.0.jar;C:\Users\BirSikander\.m2\repository\net\i2p\crypto\eddsa\0.3.0\eddsa-0.3.0.jar;C:\Users\BirSikander\.m2\repository\org\jenkins-ci\ui\handlebars\1.1.1\handlebars-1.1.1-core-assets.jar;C:\Users\BirSikander\.m2\repository\org\slf4j\slf4j-jdk14\1.7.30\slf4j-jdk14-1.7.30.jar;C:\Users\BirSikander\.m2\repository\javax\servlet\javax.servlet-api\3.1.0\javax.servlet-api-3.1.0.jar;C:\Users\BirSikander\.m2\repository\com\github\spotbugs\spotbugs-annotations\4.2.0\spotbugs-annotations-4.2.0.jar;C:\Users\BirSikander\.m2\repository\net\jcip\jcip-annotations\1.0\jcip-annotations-1.0.jar;C:\Users\BirSikander\.m2\repository\org\codehaus\mojo\animal-sniffer-annotations\1.19\animal-sniffer-annotations-1.19.jar;C:\Users\BirSikander\.m2\repository\commons-logging\commons-logging\1.2\commons-logging-1.2.jar;C:\Users\BirSikander\.m2\repository\org\kohsuke\access-modifier-annotation\1.16\access-modifier-annotation-1.16.jar;C:\Users\BirSikander\.m2\repository\org\jenkins-ci\main\jenkins-test-harness\2.71\jenkins-test-harness-2.71.jar;C:\Users\BirSikander\.m2\repository\org\eclipse\jetty\jetty-webapp\9.4.34.v20201102\jetty-webapp-9.4.34.v20201102.jar;C:\Users\BirSikander\.m2\repository\org\eclipse\jetty\jetty-xml\9.4.34.v20201102\jetty-xml-9.4.34.v20201102.jar;C:\Users\BirSikander\.m2\repository\org\eclipse\jetty\jetty-util\9.4.34.v20201102\jetty-util-9.4.34.v20201102.jar;C:\Users\BirSikander\.m2\repository\org\eclipse\jetty\jetty-servlet\9.4.34.v20201102\jetty-servlet-9.4.34.v20201102.jar;C:\Users\BirSikander\.m2\repository\org\eclipse\jetty\jetty-security\9.4.34.v20201102\jetty-security-9.4.34.v20201102.jar;C:\Users\BirSikander\.m2\repository\org\eclipse\jetty\jetty-server\9.4.34.v20201102\jetty-server-9.4.34.v20201102.jar;C:\Users\BirSikander\.m2\repository\org\eclipse\jetty\jetty-io\9.4.34.v20201102\jetty-io-9.4.34.v20201102.jar;C:\Users\BirSikander\.m2\repository\org\eclipse\jetty\websocket\websocket-api\9.4.34.v20201102\websocket-api-9.4.34.v20201102.jar;C:\Users\BirSikander\.m2\repository\org\eclipse\jetty\websocket\websocket-server\9.4.34.v20201102\websocket-server-9.4.34.v20201102.jar;C:\Users\BirSikander\.m2\repository\org\eclipse\jetty\websocket\websocket-common\9.4.34.v20201102\websocket-common-9.4.34.v20201102.jar;C:\Users\BirSikander\.m2\repository\org\eclipse\jetty\websocket\websocket-client\9.4.34.v20201102\websocket-client-9.4.34.v20201102.jar;C:\Users\BirSikander\.m2\repository\org\eclipse\jetty\jetty-client\9.4.34.v20201102\jetty-client-9.4.34.v20201102.jar;C:\Users\BirSikander\.m2\repository\org\eclipse\jetty\websocket\websocket-servlet\9.4.34.v20201102\websocket-servlet-9.4.34.v20201102.jar;C:\Users\BirSikander\.m2\repository\org\eclipse\jetty\jetty-http\9.4.34.v20201102\jetty-http-9.4.34.v20201102.jar;C:\Users\BirSikander\.m2\repository\org\hamcrest\hamcrest\2.2\hamcrest-2.2.jar;C:\Users\BirSikander\.m2\repository\org\hamcrest\hamcrest-core\2.2\hamcrest-core-2.2.jar;C:\Users\BirSikander\.m2\repository\org\hamcrest\hamcrest-library\2.2\hamcrest-library-2.2.jar;C:\Users\BirSikander\.m2\repository\org\jenkins-ci\main\jenkins-test-harness-htmlunit\3\jenkins-test-harness-htmlunit-3.jar;C:\Users\BirSikander\.m2\repository\xalan\serializer\2.7.2\serializer-2.7.2.jar;C:\Users\BirSikander\.m2\repository\xml-apis\xml-apis\1.4.01\xml-apis-1.4.01.jar;C:\Users\BirSikander\.m2\repository\commons-net\commons-net\3.6\commons-net-3.6.jar;C:\Users\BirSikander\.m2\repository\org\brotli\dec\0.1.2\dec-0.1.2.jar;C:\Users\BirSikander\.m2\repository\com\shapesecurity\salvation\2.7.2\salvation-2.7.2.jar;C:\Users\BirSikander\.m2\repository\org\jvnet\hudson\embedded-rhino-debugger\1.2\embedded-rhino-debugger-1.2.jar;C:\Users\BirSikander\.m2\repository\io\jenkins\lib\support-log-formatter\1.0\support-log-formatter-1.0.jar;C:\Users\BirSikander\.m2\repository\org\netbeans\modules\org-netbeans-insane\RELEASE111\org-netbeans-insane-RELEASE111.jar;C:\Users\BirSikander\.m2\repository\org\openjdk\jmh\jmh-core\1.26\jmh-core-1.26.jar;C:\Users\BirSikander\.m2\repository\net\sf\jopt-simple\jopt-simple\4.6\jopt-simple-4.6.jar;C:\Users\BirSikander\.m2\repository\org\apache\commons\commons-math3\3.2\commons-math3-3.2.jar;C:\Users\BirSikander\.m2\repository\org\openjdk\jmh\jmh-generator-annprocess\1.26\jmh-generator-annprocess-1.26.jar;C:\Users\BirSikander\.m2\repository\org\jenkins-ci\test-annotations\1.3\test-annotations-1.3.jar;C:\Users\BirSikander\.m2\repository\junit\junit\4.13.1\junit-4.13.1.jar;"/>
    <property name="sun.cpu.endian" value="little"/>
    <property name="user.home" value="C:\Users\BirSikander"/>
    <property name="user.language" value="en"/>
    <property name="java.specification.vendor" value="Oracle Corporation"/>
    <property name="java.home" value="C:\Program Files\Java\jdk1.8.0_291\jre"/>
    <property name="basedir" value="C:\Users\BirSikander\eclipse-workspace\7_19_jenkins\codea"/>
    <property name="file.separator" value="\"/>
    <property name="line.separator" value="&#10;"/>
    <property name="java.vm.specification.vendor" value="Oracle Corporation"/>
    <property name="java.specification.name" value="Java Platform API Specification"/>
    <property name="java.awt.graphicsenv" value="sun.awt.Win32GraphicsEnvironment"/>
    <property name="java.awt.headless" value="true"/>
    <property name="surefire.real.class.path" value="C:\Users\BirSikander\AppData\Local\Temp\surefire1666405392263306609\surefirebooter3972534970238587428.jar"/>
    <property name="sun.boot.class.path" value="C:\Program Files\Java\jdk1.8.0_291\jre\lib\resources.jar;C:\Program Files\Java\jdk1.8.0_291\jre\lib\rt.jar;C:\Program Files\Java\jdk1.8.0_291\jre\lib\sunrsasign.jar;C:\Program Files\Java\jdk1.8.0_291\jre\lib\jsse.jar;C:\Program Files\Java\jdk1.8.0_291\jre\lib\jce.jar;C:\Program Files\Java\jdk1.8.0_291\jre\lib\charsets.jar;C:\Program Files\Java\jdk1.8.0_291\jre\lib\jfr.jar;C:\Program Files\Java\jdk1.8.0_291\jre\classes"/>
    <property name="user.script" value=""/>
    <property name="sun.management.compiler" value="HotSpot 64-Bit Tiered Compilers"/>
    <property name="java.runtime.version" value="1.8.0_291-b10"/>
    <property name="user.name" value="BirSikander"/>
    <property name="path.separator" value=";"/>
    <property name="os.version" value="10.0"/>
    <property name="java.endorsed.dirs" value="C:\Program Files\Java\jdk1.8.0_291\jre\lib\endorsed"/>
    <property name="java.runtime.name" value="Java(TM) SE Runtime Environment"/>
    <property name="file.encoding" value="Cp1252"/>
    <property name="java.vm.name" value="Java HotSpot(TM) 64-Bit Server VM"/>
    <property name="localRepository" value="C:\Users\BirSikander\.m2\repository"/>
    <property name="java.vendor.url.bug" value="http://bugreport.sun.com/bugreport/"/>
    <property name="java.io.tmpdir" value="C:\Users\BirSikander\eclipse-workspace\7_19_jenkins\codea\target/tmp"/>
    <property name="java.version" value="1.8.0_291"/>
    <property name="user.dir" value="C:\Users\BirSikander\eclipse-workspace\7_19_jenkins\codea"/>
    <property name="os.arch" value="amd64"/>
    <property name="java.vm.specification.name" value="Java Virtual Machine Specification"/>
    <property name="java.awt.printerjob" value="sun.awt.windows.WPrinterJob"/>
    <property name="sun.os.patch.level" value=""/>
    <property name="java.library.path" value="C:\Program Files\Java\jdk1.8.0_291\jre\bin;C:\Windows\Sun\Java\bin;C:\Windows\system32;C:\Windows;C:/Users/BirSikander/.p2/pool/plugins/org.eclipse.justj.openjdk.hotspot.jre.full.win32.x86_64_16.0.1.v20210528-1205/jre/bin/server;C:/Users/BirSikander/.p2/pool/plugins/org.eclipse.justj.openjdk.hotspot.jre.full.win32.x86_64_16.0.1.v20210528-1205/jre/bin;C:\Windows\system32;C:\Windows;C:\Windows\System32\Wbem;C:\Windows\System32\WindowsPowerShell\v1.0\;C:\Windows\System32\OpenSSH\;C:\Program Files (x86)\Microsoft SQL Server\150\DTS\Binn\;C:\Program Files\Git\cmd;C:\Program Files\apache-maven-3.8.1\bin;C:\Program Files\Java\jdk1.8.0_291\bin;C:\Program Files\Java\jdk1.8.0_291\bin;C:\Users\BirSikander\OneDrive - Leapwork A S\Desktop;;."/>
    <property name="java.vm.info" value="mixed mode"/>
    <property name="java.vendor" value="Oracle Corporation"/>
    <property name="java.vm.version" value="25.291-b10"/>
    <property name="java.ext.dirs" value="C:\Program Files\Java\jdk1.8.0_291\jre\lib\ext;C:\Windows\Sun\Java\lib\ext"/>
    <property name="sun.io.unicode.encoding" value="UnicodeLittle"/>
    <property name="java.class.version" value="52.0"/>
  </properties>
  <testcase name="index.jelly" classname="org.jvnet.hudson.test.JellyTestSuiteBuilder$JellyCheck" time="0.027"/>
  <testcase name="com\Leapwork\Leapwork_plugin\LeapworkJenkinsBridgeBuilder\global.jelly" classname="org.jvnet.hudson.test.JellyTestSuiteBuilder$JellyCheck" time="0.046"/>
  <testcase name="com\Leapwork\Leapwork_plugin\LeapworkJenkinsBridgeBuilder\config.jelly" classname="org.jvnet.hudson.test.JellyTestSuiteBuilder$JellyCheck" time="0.197"/>
  <testcase name="testCliSanity" classname="org.jvnet.hudson.test.PluginAutomaticTestBuilder$OtherTests" time="0.007"/>
  <testcase name="testPluginActive" classname="org.jvnet.hudson.test.PluginAutomaticTestBuilder$OtherTests" time="0"/>
  <testcase name="org.jvnet.hudson.test.JellyTestSuiteBuilder$JellyTestSuite" classname="org.jvnet.hudson.test.junit.FailedTest" time="0"/>
</testsuite>